[16:11:16] [main/INFO] (FabricLoader/GameProvider) Loading Minecraft 1.21.5 with Fabric Loader 0.16.12
[16:11:16] [main/INFO] (FabricLoader) Loading 8 mods:
	- clognet-addon 1.1.0
	- fabric-api-base 0.4.62+73a52b4b49
	- fabric-resource-loader-v0 3.1.6+02ca679649
	- fabricloader 0.16.12
	- java 21
	- meteor-client 1.21.5-54
	- minecraft 1.21.5
	- mixinextras 0.4.1
[16:11:16] [main/INFO] (FabricLoader/Mixin) SpongePowered MIXIN Subsystem Version=0.8.7 Source=file:/C:/Users/freew/.gradle/caches/modules-2/files-2.1/net.fabricmc/sponge-mixin/0.15.4+mixin.0.8.7/6a12aacc794f1078458433116e9ed42c1cc98096/sponge-mixin-0.15.4+mixin.0.8.7.jar Service=Knot/Fabric Env=CLIENT
[16:11:17] [main/INFO] (FabricLoader/Mixin) Loaded Fabric development mappings for mixin remapper!
[16:11:17] [main/INFO] (FabricLoader/Mixin) Compatibility level set to JAVA_21
[16:11:17] [main/WARN] (FabricLoader/Mixin) Error loading class: baritone/command/defaults/ComeCommand (java.lang.ClassNotFoundException: baritone/command/defaults/ComeCommand)
[16:11:17] [main/WARN] (FabricLoader/Mixin) @Mixin target baritone.command.defaults.ComeCommand was not found meteor-client-baritone.mixins.json:ComeCommandMixin from mod meteor-client
[16:11:17] [main/INFO] (FabricLoader/MixinExtras|Service) Initializing MixinExtras via com.llamalad7.mixinextras.service.MixinExtrasServiceImpl(version=0.4.1).
[16:11:19] [main/WARN] (PerfmonDisabled) Invalid registry value type detected for PerfOS counters. Should be REG_DWORD. Ignoring: HKEY_LOCAL_MACHINE\SYSTEM\CurrentControlSet\Services\PerfOS\Performance\Disable Performance Counters.
[16:11:20] [Datafixer Bootstrap/INFO] (Minecraft) 263 Datafixer optimizations took 1282 milliseconds
[16:11:24] [Render thread/INFO] (Minecraft) Environment: Environment[sessionHost=https://sessionserver.mojang.com, servicesHost=https://api.minecraftservices.com, name=PROD]
[16:11:24] [Render thread/INFO] (Minecraft) Setting user: Player682
[16:11:25] [Render thread/INFO] (Minecraft) Backend library: LWJGL version 3.3.3-snapshot
[16:11:25] [Render thread/INFO] (Minecraft) Using optional rendering extensions: GL_KHR_debug, GL_ARB_vertex_attrib_binding, GL_ARB_direct_state_access
[16:11:25] [Render thread/INFO] (Minecraft) Reloading ResourceManager: vanilla, fabric, clognet-addon, fabric-api-base, fabric-resource-loader-v0, fabricloader, meteor-client
[16:11:26] [Worker-Main-14/INFO] (Minecraft) Found unifont_all_no_pua-16.0.01.hex, loading
[16:11:26] [Render thread/INFO] (AddonTemplate) Hello from ExampleMixin!
[16:11:26] [Render thread/INFO] (Meteor Client) Force loading mixins
[16:11:26] [Render thread/INFO] (FabricLoader/Mixin/audit) Force-loading class net.minecraft.client.render.block.entity.AbstractSignBlockEntityRenderer
[16:11:26] [Render thread/INFO] (FabricLoader/Mixin/audit) Force-loading class net.minecraft.network.packet.s2c.play.EntityVelocityUpdateS2CPacket
[16:11:26] [Render thread/INFO] (FabricLoader/Mixin/audit) Force-loading class net.minecraft.client.render.entity.EndCrystalEntityRenderer
[16:11:26] [Render thread/INFO] (FabricLoader/Mixin/audit) Force-loading class net.minecraft.client.particle.FireworksSparkParticle$FireworkParticle
[16:11:26] [Render thread/INFO] (FabricLoader/Mixin/audit) Force-loading class net.minecraft.client.render.BackgroundRenderer
[16:11:26] [Render thread/INFO] (FabricLoader/Mixin/audit) Force-loading class net.minecraft.server.network.SynchronizeRegistriesTask
[16:11:26] [Render thread/INFO] (FabricLoader/Mixin/audit) Force-loading class net.minecraft.client.render.entity.feature.ElytraFeatureRenderer
[16:11:26] [Render thread/INFO] (FabricLoader/Mixin/audit) Force-loading class net.minecraft.client.render.block.entity.EnchantingTableBlockEntityRenderer
[16:11:26] [Render thread/INFO] (FabricLoader/Mixin/audit) Force-loading class net.minecraft.client.resource.ClientDataPackManager
[16:11:26] [Render thread/INFO] (FabricLoader/Mixin/audit) Force-loading class net.minecraft.client.render.entity.model.EndCrystalEntityModel
[16:11:26] [Render thread/INFO] (FabricLoader/Mixin/audit) Force-loading class net.minecraft.client.gui.screen.DisconnectedScreen
[16:11:26] [Render thread/INFO] (FabricLoader/Mixin/audit) Force-loading class net.minecraft.client.world.ClientChunkManager$ClientChunkMap
[16:11:26] [Render thread/INFO] (FabricLoader/Mixin/audit) Force-loading class net.minecraft.world.entity.SectionedEntityCache
[16:11:26] [Render thread/INFO] (FabricLoader/Mixin/audit) Force-loading class net.minecraft.client.render.block.entity.BannerBlockEntityRenderer
[16:11:26] [Render thread/INFO] (FabricLoader/Mixin/audit) Force-loading class net.minecraft.client.gui.hud.ChatHudLine
[16:11:26] [Render thread/INFO] (FabricLoader/Mixin/audit) Force-loading class net.minecraft.client.gui.screen.ingame.AbstractFurnaceScreen
[16:11:26] [Worker-Main-13/INFO] (Minecraft) Found unifont_jp_patch-16.0.01.hex, loading
[16:11:26] [Render thread/INFO] (FabricLoader/Mixin/audit) Force-loading class net.minecraft.network.packet.c2s.play.PlayerInteractEntityC2SPacket
[16:11:26] [Render thread/INFO] (FabricLoader/Mixin/audit) Force-loading class net.minecraft.client.render.model.BakedQuad
[16:11:26] [Render thread/INFO] (FabricLoader/Mixin/audit) Force-loading class net.minecraft.client.network.ClientPlayNetworkHandler
[16:11:26] [Render thread/INFO] (FabricLoader/Mixin/audit) Force-loading class net.minecraft.client.gui.screen.ingame.CreativeInventoryScreen
[16:11:26] [Render thread/INFO] (FabricLoader/Mixin/audit) Force-loading class net.minecraft.client.gui.screen.ingame.BookEditScreen
[16:11:26] [Render thread/INFO] (FabricLoader/Mixin/audit) Force-loading class net.minecraft.client.render.entity.feature.CapeFeatureRenderer
[16:11:26] [Render thread/INFO] (FabricLoader/Mixin/audit) Force-loading class net.minecraft.server.network.ServerConfigurationNetworkHandler
[16:11:26] [Render thread/INFO] (FabricLoader/Mixin/audit) Force-loading class net.minecraft.client.gui.screen.world.CreateWorldScreen
[16:11:26] [Download-1/INFO] (Minecraft) Could not authorize you against Realms server: java.lang.RuntimeException: Failed to parse into SignedJWT: FabricMC
[16:11:26] [Render thread/INFO] (FabricLoader/Mixin/audit) Force-loading class net.minecraft.server.function.FunctionLoader
[16:11:26] [Render thread/INFO] (FabricLoader/Mixin/audit) Force-loading class net.minecraft.screen.HorseScreenHandler
[16:11:26] [Render thread/INFO] (FabricLoader/Mixin/audit) Force-loading class net.minecraft.client.render.entity.PlayerEntityRenderer
[16:11:26] [Download-1/ERROR] (Minecraft) Failed to fetch Realms feature flags
net.minecraft.client.realms.exception.RealmsServiceException: Realms authentication error with message 'java.lang.RuntimeException: Failed to parse into SignedJWT: FabricMC'
	at knot/net.minecraft.client.realms.RealmsClient.execute(RealmsClient.java:495) ~[minecraft-merged-3848b19350-1.21.5-net.fabricmc.yarn.1_21_5.1.21.5+build.1-v2.jar:?]
	at knot/net.minecraft.client.realms.RealmsClient.fetchFeatureFlags(RealmsClient.java:177) ~[minecraft-merged-3848b19350-1.21.5-net.fabricmc.yarn.1_21_5.1.21.5+build.1-v2.jar:?]
	at java.base/java.util.concurrent.CompletableFuture$AsyncSupply.run(CompletableFuture.java:1768) ~[?:?]
	at java.base/java.util.concurrent.ThreadPoolExecutor.runWorker(ThreadPoolExecutor.java:1144) ~[?:?]
	at java.base/java.util.concurrent.ThreadPoolExecutor$Worker.run(ThreadPoolExecutor.java:642) ~[?:?]
	at java.base/java.lang.Thread.run(Thread.java:1583) [?:?]
[16:11:26] [Render thread/INFO] (FabricLoader/Mixin/audit) Force-loading class net.minecraft.client.gui.hud.InGameOverlayRenderer
[16:11:26] [Render thread/INFO] (FabricLoader/Mixin/audit) Force-loading class net.minecraft.client.render.entity.feature.ArmorFeatureRenderer
[16:11:26] [Render thread/INFO] (FabricLoader/Mixin/audit) Force-loading class net.minecraft.client.render.block.entity.BeaconBlockEntityRenderer
[16:11:26] [Render thread/INFO] (FabricLoader/Mixin/audit) Force-loading class net.minecraft.network.ClientConnection
[16:11:26] [Render thread/INFO] (FabricLoader/Mixin/audit) Force-loading class net.minecraft.recipe.ServerRecipeManager
[16:11:26] [Render thread/INFO] (FabricLoader/Mixin/audit) Force-loading class net.minecraft.client.gui.screen.pack.ResourcePackOrganizer
[16:11:26] [Render thread/INFO] (FabricLoader/Mixin/audit) Force-loading class net.minecraft.client.render.entity.EntityRenderer
[16:11:26] [Render thread/INFO] (FabricLoader/Mixin/audit) Force-loading class net.minecraft.client.render.entity.feature.HeadFeatureRenderer
[16:11:26] [Render thread/INFO] (FabricLoader/Mixin/audit) Force-loading class net.minecraft.world.chunk.light.ChunkSkyLightProvider
[16:11:26] [Render thread/INFO] (FabricLoader/Mixin/audit) Force-loading class net.minecraft.client.color.world.BiomeColors
[16:11:26] [Render thread/INFO] (FabricLoader/Mixin/audit) Force-loading class net.minecraft.world.BlockCollisionSpliterator
[16:11:26] [Render thread/INFO] (FabricLoader/Mixin/audit) Force-loading class net.minecraft.network.packet.c2s.play.PlayerMoveC2SPacket
[16:11:26] [Render thread/INFO] (FabricLoader/Mixin/audit) Force-loading class net.minecraft.network.packet.s2c.play.ExplosionS2CPacket
[16:11:26] [Render thread/INFO] (FabricLoader/Mixin/audit) Force-loading class net.minecraft.client.gui.hud.ChatHudLine$Visible
[16:11:26] [Render thread/INFO] (FabricLoader/Mixin/audit) Force-loading class net.minecraft.network.packet.c2s.config.SelectKnownPacksC2SPacket
[16:11:26] [Render thread/INFO] (FabricLoader/Mixin/audit) Force-loading class net.minecraft.client.gui.screen.ChatInputSuggestor
[16:11:26] [Render thread/INFO] (FabricLoader/Mixin/audit) Force-loading class net.minecraft.world.entity.EntityTrackingSection
[16:11:26] [Render thread/INFO] (FabricLoader/Mixin/audit) Force-loading class net.minecraft.client.world.ClientChunkManager
[16:11:26] [Render thread/INFO] (FabricLoader/Mixin/audit) Force-loading class net.minecraft.client.render.entity.ItemEntityRenderer
[16:11:26] [Render thread/INFO] (FabricLoader/Mixin/audit) Force-loading class net.minecraft.client.render.RenderLayers
[16:11:26] [Render thread/INFO] (FabricLoader/Mixin/audit) Force-loading class net.minecraft.world.entity.SimpleEntityLookup
[16:11:26] [Render thread/INFO] (FabricLoader/Mixin/audit) Force-loading class net.minecraft.client.gui.screen.ingame.CreativeInventoryScreen$CreativeSlot
[16:11:26] [Render thread/INFO] (FabricLoader/Mixin/audit) Force-loading class net.minecraft.client.gui.screen.ingame.BookScreen
[16:11:26] [Render thread/INFO] (FabricLoader/Mixin/audit) Force-loading class net.minecraft.test.TestServer
[16:11:26] [Render thread/INFO] (FabricLoader/Mixin/audit) Force-loading class net.minecraft.world.RaycastContext
[16:11:26] [Render thread/INFO] (FabricLoader/Mixin/audit) Force-loading class net.minecraft.server.command.DatapackCommand
[16:11:26] [Render thread/INFO] (FabricLoader/Mixin/audit) Force-loading class net.minecraft.client.util.DefaultSkinHelper
[16:11:26] [Render thread/INFO] (FabricLoader/Mixin/audit) Force-loading class net.minecraft.server.dedicated.ServerPropertiesHandler
[16:11:26] [Render thread/INFO] (FabricLoader/Mixin/audit) Force-loading class net.minecraft.client.render.chunk.ChunkOcclusionDataBuilder
[16:11:26] [Render thread/INFO] (FabricLoader/Mixin/audit) Force-loading class net.minecraft.client.render.entity.LivingEntityRenderer
[16:11:26] [Render thread/INFO] (FabricLoader/Mixin/audit) Force-loading class net.minecraft.client.network.ClientPlayerInteractionManager
[16:11:26] [Render thread/INFO] (FabricLoader/Mixin/audit) Force-loading class net.minecraft.client.input.KeyboardInput
[16:11:26] [Render thread/INFO] (FabricLoader/Mixin/audit) Force-loading class net.minecraft.client.font.TextRenderer$Drawer
[16:11:26] [Render thread/INFO] (FabricLoader/Mixin/audit) Force-loading class net.minecraft.client.gui.screen.ingame.BeaconScreen
[16:11:26] [Render thread/INFO] (FabricLoader/Mixin/audit) Force-loading class net.minecraft.client.gui.screen.multiplayer.ConnectScreen
[16:11:26] [Render thread/INFO] (FabricLoader/Mixin/audit) Force-loading class net.minecraft.client.gui.screen.ingame.AbstractSignEditScreen
[16:11:26] [Render thread/INFO] (FabricLoader/Mixin/audit) Force-loading class net.minecraft.client.gui.screen.ingame.BrewingStandScreen
[16:11:26] [Render thread/INFO] (FabricLoader/Mixin/audit) Force-loading class net.minecraft.server.ServerAdvancementLoader
[16:11:26] [Render thread/INFO] (FabricLoader/Mixin/audit) Force-loading class net.minecraft.client.gui.tooltip.TooltipComponent
[16:11:26] [Render thread/INFO] (FabricLoader/Mixin/audit) Force-loading class net.minecraft.client.render.block.entity.MobSpawnerBlockEntityRenderer
[16:11:26] [Render thread/INFO] (FabricLoader/Mixin/audit) Force-loading class net.minecraft.client.render.WorldRenderer$BrightnessGetter
[16:11:26] [Render thread/INFO] (FabricLoader/Mixin/audit) Force-loading class net.minecraft.client.render.entity.LightningEntityRenderer
[16:11:26] [Render thread/INFO] (Meteor Client) Initializing Meteor Client
[16:11:27] [Render thread/INFO] (Reflections) Reflections took 184 ms to scan 1 urls, producing 24 keys and 947 values
[16:11:27] [Render thread/INFO] (Reflections) Reflections took 12 ms to scan 1 urls, producing 2 keys and 5 values
[16:11:27] [Render thread/INFO] (Meteor Client) Found 65 font families.
[16:11:27] [Render thread/INFO] (Meteor Client) Path Manager: none
[16:11:27] [Render thread/INFO] (AddonTemplate) Initializing Meteor Addon Template
[16:11:28] [Render thread/INFO] (Meteor Client) Loading
[16:11:28] [Render thread/INFO] (Meteor Client) Loaded in 51 milliseconds
[16:11:28] [Render thread/WARN] (Minecraft) minecraft:pipeline/entity_translucent_emissive shader program does not use sampler Sampler2 defined in the pipeline. This might be a bug.
[16:11:28] [Render thread/INFO] (Minecraft) OpenAL initialized on device OpenAL Soft on Headset Earphone (CORSAIR HS80 MAX WIRELESS Gaming Headset)
[16:11:28] [Render thread/INFO] (Minecraft) Sound engine started
[16:11:28] [Render thread/INFO] (Minecraft) Created: 1024x512x4 minecraft:textures/atlas/blocks.png-atlas
[16:11:28] [Render thread/INFO] (Minecraft) Created: 256x256x4 minecraft:textures/atlas/signs.png-atlas
[16:11:28] [Render thread/INFO] (Minecraft) Created: 512x512x4 minecraft:textures/atlas/shield_patterns.png-atlas
[16:11:28] [Render thread/INFO] (Minecraft) Created: 512x512x4 minecraft:textures/atlas/banner_patterns.png-atlas
[16:11:28] [Render thread/INFO] (Minecraft) Created: 2048x1024x4 minecraft:textures/atlas/armor_trims.png-atlas
[16:11:28] [Render thread/INFO] (Minecraft) Created: 256x256x4 minecraft:textures/atlas/chest.png-atlas
[16:11:28] [Render thread/INFO] (Minecraft) Created: 128x64x4 minecraft:textures/atlas/decorated_pot.png-atlas
[16:11:28] [Render thread/INFO] (Minecraft) Created: 512x256x4 minecraft:textures/atlas/shulker_boxes.png-atlas
[16:11:28] [Render thread/INFO] (Minecraft) Created: 512x256x4 minecraft:textures/atlas/beds.png-atlas
[16:11:28] [Render thread/INFO] (Minecraft) Created: 64x64x0 minecraft:textures/atlas/map_decorations.png-atlas
[16:11:28] [Render thread/INFO] (Minecraft) Created: 512x256x0 minecraft:textures/atlas/particles.png-atlas
[16:11:28] [Render thread/INFO] (Minecraft) Created: 512x256x0 minecraft:textures/atlas/paintings.png-atlas
[16:11:28] [Render thread/INFO] (Minecraft) Created: 256x128x0 minecraft:textures/atlas/mob_effects.png-atlas
[16:11:28] [Render thread/INFO] (Minecraft) Created: 1024x512x0 minecraft:textures/atlas/gui.png-atlas
[16:11:32] [Render thread/INFO] (Minecraft) Loaded 1373 recipes
[16:11:32] [Render thread/INFO] (Minecraft) Loaded 1484 advancements
[16:11:38] [Server thread/INFO] (Minecraft) Starting integrated minecraft server version 1.21.5
[16:11:38] [Server thread/INFO] (Minecraft) Generating keypair
[16:11:39] [Server thread/INFO] (Minecraft) Preparing start region for dimension minecraft:overworld
[16:11:39] [Render thread/INFO] (Minecraft) Preparing spawn area: 2%
[16:11:39] [Render thread/INFO] (Minecraft) Time elapsed: 159 ms
[16:11:39] [Server thread/INFO] (Minecraft) Changing view distance to 12, from 10
[16:11:39] [Server thread/INFO] (Minecraft) Changing simulation distance to 12, from 0
[16:11:39] [Server thread/INFO] (Minecraft) Player682[local:E:24b4108a] logged in with entity id 1 at (-5.5, -60.0, 6.5)
[16:11:39] [Server thread/INFO] (Minecraft) Player682 joined the game
[16:11:40] [Render thread/INFO] (Minecraft) Loaded 2 advancements
[16:11:46] [Server thread/INFO] (Minecraft) Player682 has made the advancement [Ice Bucket Challenge]
[16:11:46] [Render thread/INFO] (Minecraft) [System] [CHAT] Player682 has made the advancement [Ice Bucket Challenge]
[16:11:46] [Render thread/INFO] (Minecraft) Loaded 13 advancements
[16:11:47] [Server thread/INFO] (Minecraft) Player682 has made the advancement [Who is Cutting Onions?]
[16:11:47] [Render thread/INFO] (Minecraft) [System] [CHAT] Player682 has made the advancement [Who is Cutting Onions?]
[16:11:47] [Render thread/INFO] (Minecraft) Loaded 17 advancements
[16:12:53] [Server thread/INFO] (Minecraft) Saving and pausing game...
[16:12:53] [Server thread/INFO] (Minecraft) Saving chunks for level 'ServerLevel[New World]'/minecraft:overworld
[16:12:54] [Server thread/INFO] (Minecraft) Saving chunks for level 'ServerLevel[New World]'/minecraft:the_nether
[16:12:54] [Server thread/INFO] (Minecraft) Saving chunks for level 'ServerLevel[New World]'/minecraft:the_end
[16:12:54] [Render thread/INFO] (Meteor Client) Saving
[16:12:54] [Render thread/INFO] (Meteor Client) Saved in 21 milliseconds.
[16:12:54] [Server thread/INFO] (Minecraft) Player682 lost connection: Disconnected
[16:12:54] [Server thread/INFO] (Minecraft) Player682 left the game
[16:12:54] [Server thread/INFO] (Minecraft) Stopping singleplayer server as player logged out
[16:12:54] [Server thread/INFO] (Minecraft) Stopping server
[16:12:54] [Server thread/INFO] (Minecraft) Saving players
[16:12:54] [Server thread/INFO] (Minecraft) Saving worlds
[16:12:54] [Server thread/INFO] (Minecraft) Saving chunks for level 'ServerLevel[New World]'/minecraft:overworld
[16:12:55] [Server thread/INFO] (Minecraft) Saving chunks for level 'ServerLevel[New World]'/minecraft:the_nether
[16:12:55] [Server thread/INFO] (Minecraft) Saving chunks for level 'ServerLevel[New World]'/minecraft:the_end
[16:12:55] [Server thread/INFO] (Minecraft) ThreadedAnvilChunkStorage (New World): All chunks are saved
[16:12:55] [Server thread/INFO] (Minecraft) ThreadedAnvilChunkStorage (DIM-1): All chunks are saved
[16:12:55] [Server thread/INFO] (Minecraft) ThreadedAnvilChunkStorage (DIM1): All chunks are saved
[16:12:55] [Server thread/INFO] (Minecraft) ThreadedAnvilChunkStorage: All dimensions are saved
[16:12:58] [Render thread/INFO] (Minecraft) Deleting level New World
[16:12:58] [Render thread/INFO] (Minecraft) Attempt 1...
[16:12:58] [Render thread/INFO] (Minecraft) Loaded 1373 recipes
[16:12:58] [Render thread/INFO] (Minecraft) Loaded 1484 advancements
[16:12:59] [Render thread/INFO] (Minecraft) Stopping!
[16:12:59] [Thread-7/INFO] (Meteor Client) Saving
